<?xml version="1.0" encoding="UTF-8"?>
<testsuite failures="0" errors="0" skipped="1" tests="1" time="0.005342" name="Conjur &quot;connect&quot; method works if the username is known">
<testcase classname="Conjur &quot;connect&quot; method works if the username is known" name="Unnamed scenario" time="0.005342">
  <skipped/>
  <system-out>
    <![CDATA[]]>
  </system-out>
  <system-err>
    <![CDATA[]]>
  </system-err>
</testcase>
</testsuite>
