<?xml version="1.0" encoding="UTF-8"?>
<testsuite failures="1" errors="0" skipped="0" tests="1" time="0.016672" name="Authentication proceeds without a need for API key">
<testcase classname="Authentication proceeds without a need for API key" name="Unnamed scenario" time="0.016672">
  <failure message="failed Unnamed scenario" type="failed">
    <![CDATA[Scenario: Unnamed scenario

Then I can authenticate as user "authn-local-user"

Message:
]]>
    <![CDATA[No Conjur credentials provided or found (Conjur::Authn::NoCredentialsError)
./features/step_definitions/authn_local_steps.rb:8:in `/^I can authenticate as user "([^"]*)"$/'
features/authenticate.feature:4:in `Then I can authenticate as user "authn-local-user"']]>
  </failure>
  <system-out>
    <![CDATA[]]>
  </system-out>
  <system-err>
    <![CDATA[]]>
  </system-err>
</testcase>
</testsuite>
